<?xml version="1.0" encoding="UTF-8"?>
<testsuite xmlns:xsi="http://www.w3.org/2001/XMLSchema-instance" xsi:noNamespaceSchemaLocation="https://maven.apache.org/surefire/maven-surefire-plugin/xsd/surefire-test-report.xsd" name="APIClientTest" time="1.077" tests="16" errors="0" skipped="0" failures="0">
  <properties>
    <property name="java.specification.version" value="22"/>
    <property name="sun.jnu.encoding" value="UTF-8"/>
    <property name="java.class.path" value="/home/markwahba/repos/showcase/java_api_client/target/test-classes:/home/markwahba/repos/showcase/java_api_client/target/classes:/home/markwahba/.m2/repository/org/jetbrains/annotations/13.0/annotations-13.0.jar:/home/markwahba/.m2/repository/junit/junit/3.8.1/junit-3.8.1.jar:/home/markwahba/.m2/repository/com/fasterxml/jackson/core/jackson-core/2.16.1/jackson-core-2.16.1.jar:/home/markwahba/.m2/repository/com/fasterxml/jackson/core/jackson-databind/2.16.1/jackson-databind-2.16.1.jar:/home/markwahba/.m2/repository/com/fasterxml/jackson/core/jackson-annotations/2.16.1/jackson-annotations-2.16.1.jar:/home/markwahba/.m2/repository/com/fasterxml/jackson/datatype/jackson-datatype-jsr310/2.16.1/jackson-datatype-jsr310-2.16.1.jar:/home/markwahba/.m2/repository/org/junit/jupiter/junit-jupiter-engine/5.7.0/junit-jupiter-engine-5.7.0.jar:/home/markwahba/.m2/repository/org/apiguardian/apiguardian-api/1.1.0/apiguardian-api-1.1.0.jar:/home/markwahba/.m2/repository/org/junit/platform/junit-platform-engine/1.7.0/junit-platform-engine-1.7.0.jar:/home/markwahba/.m2/repository/org/opentest4j/opentest4j/1.2.0/opentest4j-1.2.0.jar:/home/markwahba/.m2/repository/org/junit/platform/junit-platform-commons/1.7.0/junit-platform-commons-1.7.0.jar:/home/markwahba/.m2/repository/org/junit/jupiter/junit-jupiter-api/5.7.0/junit-jupiter-api-5.7.0.jar:"/>
    <property name="java.vm.vendor" value="Oracle Corporation"/>
    <property name="sun.arch.data.model" value="64"/>
    <property name="java.vendor.url" value="https://openjdk.org/"/>
    <property name="os.name" value="Linux"/>
    <property name="java.vm.specification.version" value="22"/>
    <property name="sun.java.launcher" value="SUN_STANDARD"/>
    <property name="user.country" value="US"/>
    <property name="sun.boot.library.path" value="/home/markwahba/miniconda3/envs/java-env/lib/jvm/lib"/>
    <property name="sun.java.command" value="/home/markwahba/repos/showcase/java_api_client/target/surefire/surefirebooter18422702457735358372.jar /home/markwahba/repos/showcase/java_api_client/target/surefire 2025-01-22T20-22-47_564-jvmRun1 surefire17731763391487540878tmp surefire_010884559749244327411tmp"/>
    <property name="jdk.debug" value="release"/>
    <property name="surefire.test.class.path" value="/home/markwahba/repos/showcase/java_api_client/target/test-classes:/home/markwahba/repos/showcase/java_api_client/target/classes:/home/markwahba/.m2/repository/org/jetbrains/annotations/13.0/annotations-13.0.jar:/home/markwahba/.m2/repository/junit/junit/3.8.1/junit-3.8.1.jar:/home/markwahba/.m2/repository/com/fasterxml/jackson/core/jackson-core/2.16.1/jackson-core-2.16.1.jar:/home/markwahba/.m2/repository/com/fasterxml/jackson/core/jackson-databind/2.16.1/jackson-databind-2.16.1.jar:/home/markwahba/.m2/repository/com/fasterxml/jackson/core/jackson-annotations/2.16.1/jackson-annotations-2.16.1.jar:/home/markwahba/.m2/repository/com/fasterxml/jackson/datatype/jackson-datatype-jsr310/2.16.1/jackson-datatype-jsr310-2.16.1.jar:/home/markwahba/.m2/repository/org/junit/jupiter/junit-jupiter-engine/5.7.0/junit-jupiter-engine-5.7.0.jar:/home/markwahba/.m2/repository/org/apiguardian/apiguardian-api/1.1.0/apiguardian-api-1.1.0.jar:/home/markwahba/.m2/repository/org/junit/platform/junit-platform-engine/1.7.0/junit-platform-engine-1.7.0.jar:/home/markwahba/.m2/repository/org/opentest4j/opentest4j/1.2.0/opentest4j-1.2.0.jar:/home/markwahba/.m2/repository/org/junit/platform/junit-platform-commons/1.7.0/junit-platform-commons-1.7.0.jar:/home/markwahba/.m2/repository/org/junit/jupiter/junit-jupiter-api/5.7.0/junit-jupiter-api-5.7.0.jar:"/>
    <property name="sun.cpu.endian" value="little"/>
    <property name="user.home" value="/home/markwahba"/>
    <property name="user.language" value="en"/>
    <property name="java.specification.vendor" value="Oracle Corporation"/>
    <property name="java.version.date" value="2024-04-16"/>
    <property name="java.home" value="/home/markwahba/miniconda3/envs/java-env/lib/jvm"/>
    <property name="file.separator" value="/"/>
    <property name="basedir" value="/home/markwahba/repos/showcase/java_api_client"/>
    <property name="java.vm.compressedOopsMode" value="Zero based"/>
    <property name="line.separator" value="&#10;"/>
    <property name="java.specification.name" value="Java Platform API Specification"/>
    <property name="java.vm.specification.vendor" value="Oracle Corporation"/>
    <property name="surefire.real.class.path" value="/home/markwahba/repos/showcase/java_api_client/target/surefire/surefirebooter18422702457735358372.jar"/>
    <property name="sun.management.compiler" value="HotSpot 64-Bit Tiered Compilers"/>
    <property name="java.runtime.version" value="22.0.1-internal-adhoc.conda.src"/>
    <property name="user.name" value="markwahba"/>
    <property name="stdout.encoding" value="UTF-8"/>
    <property name="path.separator" value=":"/>
    <property name="os.version" value="6.8.12-5-pve"/>
    <property name="java.runtime.name" value="OpenJDK Runtime Environment"/>
    <property name="file.encoding" value="UTF-8"/>
    <property name="java.vm.name" value="OpenJDK 64-Bit Server VM"/>
    <property name="localRepository" value="/home/markwahba/.m2/repository"/>
    <property name="java.vendor.url.bug" value="https://bugreport.java.com/bugreport/"/>
    <property name="java.io.tmpdir" value="/tmp"/>
    <property name="java.version" value="22.0.1-internal"/>
    <property name="user.dir" value="/home/markwahba/repos/showcase/java_api_client"/>
    <property name="os.arch" value="amd64"/>
    <property name="java.vm.specification.name" value="Java Virtual Machine Specification"/>
    <property name="native.encoding" value="UTF-8"/>
    <property name="java.library.path" value="/usr/java/packages/lib:/usr/lib64:/lib64:/lib:/usr/lib"/>
    <property name="java.vm.info" value="mixed mode, sharing"/>
    <property name="stderr.encoding" value="UTF-8"/>
    <property name="java.vendor" value="N/A"/>
    <property name="java.vm.version" value="22.0.1-internal-adhoc.conda.src"/>
    <property name="sun.io.unicode.encoding" value="UnicodeLittle"/>
    <property name="java.class.version" value="66.0"/>
  </properties>
  <testcase name="testFindMaxConcurrentCalls_OverlappingCallsSingleCustomer" classname="APIClientTest" time="0.154"/>
  <testcase name="testFindMaxConcurrentCalls_ExactOverlapStarts" classname="APIClientTest" time="0.001"/>
  <testcase name="testFindMaxConcurrentCalls_ZeroLengthCall" classname="APIClientTest" time="0"/>
  <testcase name="testFindMaxConcurrentCalls_DifferentMaxPeriods" classname="APIClientTest" time="0"/>
  <testcase name="testFindMaxConcurrentCalls_MillisecondPrecision" classname="APIClientTest" time="0.001"/>
  <testcase name="testFindMaxConcurrentCalls_CrossMidnightGroup" classname="APIClientTest" time="0.001"/>
  <testcase name="testFindMaxConcurrentCalls_DifferentDays" classname="APIClientTest" time="0.001"/>
  <testcase name="testFindMaxConcurrentCalls_MultiDaySpan" classname="APIClientTest" time="0.001"/>
  <testcase name="testFindMaxConcurrentCalls_SingleCallSingleCustomer" classname="APIClientTest" time="0"/>
  <testcase name="testFindMaxConcurrentCalls_BackToBackCalls" classname="APIClientTest" time="0.001"/>
  <testcase name="testFindMaxConcurrentCalls_CallEndsAtMidnight" classname="APIClientTest" time="0.001"/>
  <testcase name="testFindMaxConcurrentCalls_CallSpanningMultipleDays" classname="APIClientTest" time="0"/>
  <testcase name="testFindMaxConcurrentCalls_EmptyList" classname="APIClientTest" time="0"/>
  <testcase name="testFindMaxConcurrentCalls_MultipleCustomers" classname="APIClientTest" time="0"/>
  <testcase name="testFindMaxConcurrentCalls_MultipleMaxPeriods" classname="APIClientTest" time="0"/>
  <testcase name="testApiIntegration" classname="APIClientTest" time="0.907"/>
</testsuite>